Build started 8/13/2014 6:17:50 PM.
     1>Project "C:\Dev\jsoncpp-master\makefiles\msvc2010\lib_json.vcxproj" on node 2 (rebuild target(s)).
     1>_PrepareForClean:
         Deleting file "Debug\lib_json.lastbuildstate".
       InitializeBuildStatus:
         Creating "Debug\lib_json.unsuccessfulbuild" because "AlwaysCreate" was specified.
       ClCompile:
         C:\Program Files (x86)\Microsoft Visual Studio 10.0\VC\bin\CL.exe /c /I../../include /ZI /nologo /W3 /WX- /Od /Oy- /D WIN32 /D _DEBUG /D _LIB /D _UNICODE /D UNICODE /Gm /EHsc /RTC1 /MTd /GS /fp:precise /Zc:wchar_t /Zc:forScope /Fo"Debug\\" /Fd"Debug\vc100.pdb" /Gd /TP /analyze- /errorReport:prompt ..\..\src\lib_json\json_reader.cpp ..\..\src\lib_json\json_value.cpp ..\..\src\lib_json\json_writer.cpp
         json_writer.cpp
         json_value.cpp
         json_reader.cpp
         Generating Code...
       Lib:
         C:\Program Files (x86)\Microsoft Visual Studio 10.0\VC\bin\Lib.exe /OUT:"C:\Dev\jsoncpp-master\makefiles\msvc2010\Debug\lib_json.lib" /NOLOGO Debug\json_reader.obj
         Debug\json_value.obj
         Debug\json_writer.obj
         lib_json.vcxproj -> C:\Dev\jsoncpp-master\makefiles\msvc2010\Debug\lib_json.lib
       FinalizeBuildStatus:
         Deleting file "Debug\lib_json.unsuccessfulbuild".
         Touching "Debug\lib_json.lastbuildstate".
     1>Done Building Project "C:\Dev\jsoncpp-master\makefiles\msvc2010\lib_json.vcxproj" (rebuild target(s)).

Build succeeded.

Time Elapsed 00:00:04.41
